<?xml version="1.0" encoding="UTF-8"?>
<testng-results skipped="0" failed="0" ignored="0" total="1" passed="1">
  <reporter-output>
  </reporter-output>
  <suite name="Suite" duration-ms="18149" started-at="2019-03-27T06:01:40Z" finished-at="2019-03-27T06:01:58Z">
    <groups>
    </groups>
    <test name="Test" duration-ms="18149" started-at="2019-03-27T06:01:40Z" finished-at="2019-03-27T06:01:58Z">
      <class name="org.mav.prj.sam.testng.TestNg">
        <test-method status="PASS" signature="Testcase(java.lang.String, java.lang.String, java.lang.String, java.lang.String)[pri:0, instance:org.mav.prj.sam.testng.TestNg@3ffc5af1]" name="Testcase" duration-ms="18091" started-at="2019-03-27T06:01:40Z" finished-at="2019-03-27T06:01:58Z">
          <params>
            <param index="0">
              <value>
                <![CDATA[https://github.com/]]>
              </value>
            </param>
            <param index="1">
              <value>
                <![CDATA[arulpc1995]]>
              </value>
            </param>
            <param index="2">
              <value>
                <![CDATA[arulpc1995@gmail.com]]>
              </value>
            </param>
            <param index="3">
              <value>
                <![CDATA[arulmurugan1995!]]>
              </value>
            </param>
          </params>
          <reporter-output>
          </reporter-output>
        </test-method> <!-- Testcase -->
      </class> <!-- org.mav.prj.sam.testng.TestNg -->
    </test> <!-- Test -->
  </suite> <!-- Suite -->
</testng-results>
